<?xml version="1.0" encoding="UTF-8"?>
<!-- Generated by org.testng.reporters.JUnitReportReporter -->
<testsuite hostname="DESKTOP-0J1MG91" failures="0" tests="6" name="com.comcast.crm.AnnotationChanges.CreateContactTest" time="104.816" errors="0" timestamp="01 Mar 2025 00:13:03 GMT" skipped="0">
  <testcase classname="com.comcast.crm.AnnotationChanges.CreateContactTest" name="createContactTest" time="15.062"/>
  <testcase classname="com.comcast.crm.AnnotationChanges.CreateContactTest" name="createContactTest" time="16.683"/>
  <testcase classname="com.comcast.crm.AnnotationChanges.CreateContactTest" name="createContctWithOrgTest" time="22.983"/>
  <testcase classname="com.comcast.crm.AnnotationChanges.CreateContactTest" name="createContctWithSupportDateTest" time="13.530"/>
  <testcase classname="com.comcast.crm.AnnotationChanges.CreateContactTest" name="createContctWithOrgTest" time="23.534"/>
  <testcase classname="com.comcast.crm.AnnotationChanges.CreateContactTest" name="createContctWithSupportDateTest" time="13.024"/>
</testsuite> <!-- com.comcast.crm.AnnotationChanges.CreateContactTest -->
