<?xml version="1.0" encoding="UTF-8"?>
<!-- Generated by org.testng.reporters.JUnitReportReporter -->
<testsuite hostname="DESKTOP-0J1MG91" failures="0" tests="3" name="com.comcast.crm.AnnotationsContactTest.CreateContactTest" time="51.544" errors="0" timestamp="28 Feb 2025 23:07:29 GMT" skipped="0">
  <testcase classname="com.comcast.crm.AnnotationsContactTest.CreateContactTest" name="createContctWithOrgTest" time="19.419"/>
  <testcase classname="com.comcast.crm.AnnotationsContactTest.CreateContactTest" name="createContactTest" time="19.117"/>
  <testcase classname="com.comcast.crm.AnnotationsContactTest.CreateContactTest" name="createContctWithSupportDateTest" time="13.008"/>
</testsuite> <!-- com.comcast.crm.AnnotationsContactTest.CreateContactTest -->
