<?xml version="1.0" encoding="UTF-8"?>
<!-- Generated by org.testng.reporters.JUnitReportReporter -->
<testsuite hostname="DESKTOP-0J1MG91" failures="0" tests="2" name="practice.testing.SampleTest" time="0.010" errors="0" timestamp="25 Feb 2025 23:47:11 GMT" skipped="0">
  <testcase classname="practice.testing.SampleTest" name="test1Test" time="0.001"/>
  <testcase classname="practice.testing.SampleTest" name="createContactWithMobileNumberTest" time="0.009"/>
</testsuite> <!-- practice.testing.SampleTest -->
