<?xml version="1.0" encoding="UTF-8"?>
<!-- Generated by org.testng.reporters.JUnitReportReporter -->
<testsuite hostname="DESKTOP-0J1MG91" failures="0" tests="2" name="com.crm.comcast.contactAnnotationssampleTest.CreateContactTest" time="0.009" errors="0" timestamp="26 Feb 2025 19:27:59 GMT" skipped="0">
  <testcase classname="com.crm.comcast.contactAnnotationssampleTest.CreateContactTest" name="createContactWithDate" time="0.002"/>
  <testcase classname="com.crm.comcast.contactAnnotationssampleTest.CreateContactTest" name="createContact" time="0.007"/>
</testsuite> <!-- com.crm.comcast.contactAnnotationssampleTest.CreateContactTest -->
