<?xml version="1.0" encoding="UTF-8"?>
<!-- Generated by org.testng.reporters.JUnitReportReporter -->
<testsuite hostname="DESKTOP-0J1MG91" failures="0" tests="3" name="practice.testing.DependsOnTest" time="0.013" errors="0" timestamp="25 Feb 2025 23:52:54 GMT" skipped="0">
  <testcase classname="practice.testing.DependsOnTest" name="deleteContactTest" time="0.002"/>
  <testcase classname="practice.testing.DependsOnTest" name="createContactTest" time="0.010"/>
  <testcase classname="practice.testing.DependsOnTest" name="modifyContactTest" time="0.001"/>
</testsuite> <!-- practice.testing.DependsOnTest -->
