<?xml version="1.0" encoding="UTF-8"?>
<!-- Generated by org.testng.reporters.JUnitReportReporter -->
<testsuite hostname="DESKTOP-0J1MG91" failures="0" tests="2" name="com.crm.comcast.orgAnnotationssampleTest.CreateOrgTest" time="0.012" errors="0" timestamp="26 Feb 2025 19:27:27 GMT" skipped="0">
  <testcase classname="com.crm.comcast.orgAnnotationssampleTest.CreateOrgTest" name="createOrgWithIndustry" time="0.003"/>
  <testcase classname="com.crm.comcast.orgAnnotationssampleTest.CreateOrgTest" name="createOrg" time="0.009"/>
</testsuite> <!-- com.crm.comcast.orgAnnotationssampleTest.CreateOrgTest -->
