<?xml version="1.0" encoding="UTF-8"?>
<!-- Generated by org.testng.reporters.JUnitReportReporter -->
<testsuite hostname="DESKTOP-0J1MG91" failures="0" tests="1" name="com.comcast.crm.AnnotationChanges.CreateOrganizationTest" time="24.351" errors="0" timestamp="04 Mar 2025 19:32:26 GMT" skipped="0">
  <testcase classname="com.comcast.crm.AnnotationChanges.CreateOrganizationTest" name="createOrganizationTest" time="24.351"/>
</testsuite> <!-- com.comcast.crm.AnnotationChanges.CreateOrganizationTest -->
