<?xml version="1.0" encoding="UTF-8"?>
<!-- Generated by org.testng.reporters.JUnitReportReporter -->
<testsuite hostname="DESKTOP-0J1MG91" failures="0" tests="1" name="practice.pom.repository.SampleTestwithPom" time="6.027" errors="0" timestamp="19 Feb 2025 22:38:48 GMT" skipped="0">
  <testcase classname="practice.pom.repository.SampleTestwithPom" name="sampleTest" time="6.027"/>
</testsuite> <!-- practice.pom.repository.SampleTestwithPom -->
