<?xml version="1.0" encoding="UTF-8"?>
<!-- Generated by org.testng.reporters.JUnitReportReporter -->
<testsuite hostname="DESKTOP-0J1MG91" failures="0" tests="2" name="Annotations.CreateContactTest" time="0.016" errors="0" timestamp="26 Feb 2025 18:09:37 GMT" skipped="0">
  <testcase classname="Annotations.CreateContactTest" name="createContactWithDate" time="0.005"/>
  <testcase classname="Annotations.CreateContactTest" name="createContact" time="0.011"/>
</testsuite> <!-- Annotations.CreateContactTest -->
