<?xml version="1.0" encoding="UTF-8"?>
<!-- Generated by org.testng.reporters.JUnitReportReporter -->
<testsuite hostname="DESKTOP-0J1MG91" failures="0" tests="3" name="practice.testing.GetProductInfoTest" time="18.969" errors="0" timestamp="25 Feb 2025 23:41:19 GMT" skipped="0">
  <testcase classname="practice.testing.GetProductInfoTest" name="getProductInfoTest" time="5.751"/>
  <testcase classname="practice.testing.GetProductInfoTest" name="getProductInfoTest" time="6.594"/>
  <testcase classname="practice.testing.GetProductInfoTest" name="getProductInfoTest" time="6.624"/>
</testsuite> <!-- practice.testing.GetProductInfoTest -->
