<?xml version="1.0" encoding="UTF-8"?>
<!-- Generated by org.testng.reporters.JUnitReportReporter -->
<testsuite hostname="DESKTOP-0J1MG91" failures="0" tests="3" name="practice.testing.CreateContact_DP_Test2" time="0.010" errors="0" timestamp="25 Feb 2025 22:37:19 GMT" skipped="0">
  <testcase classname="practice.testing.CreateContact_DP_Test2" name="createContactTest" time="0.009"/>
  <testcase classname="practice.testing.CreateContact_DP_Test2" name="createContactTest" time="0.000"/>
  <testcase classname="practice.testing.CreateContact_DP_Test2" name="createContactTest" time="0.001"/>
</testsuite> <!-- practice.testing.CreateContact_DP_Test2 -->
