<?xml version="1.0" encoding="UTF-8"?>
<!-- Generated by org.testng.reporters.JUnitReportReporter -->
<testsuite hostname="DESKTOP-0J1MG91" failures="0" tests="4" name="com.comcast.crm.AnnotationChanges.testCase_1" time="93.372" errors="0" timestamp="27 Feb 2025 00:16:28 GMT" skipped="0">
  <testcase classname="com.comcast.crm.AnnotationChanges.testCase_1" name="test_2Test" time="24.840"/>
  <testcase classname="com.comcast.crm.AnnotationChanges.testCase_1" name="testcase_1Test" time="22.856"/>
  <testcase classname="com.comcast.crm.AnnotationChanges.testCase_1" name="testcase_3Test" time="21.476"/>
  <testcase classname="com.comcast.crm.AnnotationChanges.testCase_1" name="testcase_4" time="24.200"/>
</testsuite> <!-- com.comcast.crm.AnnotationChanges.testCase_1 -->
