<?xml version="1.0" encoding="UTF-8"?>
<!-- Generated by org.testng.reporters.JUnitXMLReporter -->
<testsuite ignored="0" hostname="DESKTOP-0J1MG91" failures="0" tests="3" name="Test-2" time="51.163" errors="0" timestamp="28 Feb 2025 23:39:10 GMT">
  <testcase classname="com.comcast.crm.AnnotationChanges.CreateContactTest" name="createContactTest" time="9.372"/>
  <testcase classname="com.comcast.crm.AnnotationChanges.CreateContactTest" name="createContctWithOrgTest" time="17.691"/>
  <testcase classname="com.comcast.crm.AnnotationChanges.CreateContactTest" name="createContctWithSupportDateTest" time="8.65"/>
</testsuite> <!-- Test-2 -->
