<?xml version="1.0" encoding="UTF-8"?>
<!-- Generated by org.testng.reporters.JUnitXMLReporter -->
<testsuite ignored="0" hostname="DESKTOP-0J1MG91" failures="0" tests="3" name="Test-1" time="44.614" errors="0" timestamp="28 Feb 2025 23:39:03 GMT">
  <testcase classname="com.comcast.crm.AnnotationChanges.CreateOrganizationTest" name="createOranizationWithPhonenumberTest" time="8.854"/>
  <testcase classname="com.comcast.crm.AnnotationChanges.CreateOrganizationTest" name="createOrganizationTest" time="8.689"/>
  <testcase classname="com.comcast.crm.AnnotationChanges.CreateOrganizationTest" name="createOrganizationWithIndustryTest" time="10.02"/>
</testsuite> <!-- Test-1 -->
